12/8/2018, 6:06:19 AM info: Пересоздаем соединение
12/8/2018, 6:06:26 AM info: Запускаем на порте 8080
12/8/2018, 6:06:41 AM info: Попытка авторизации при помощи существующей сессии
12/8/2018, 6:06:49 AM info: Попытка авторизации при помощи существующей сессии
12/8/2018, 6:06:49 AM info: Пользователь авторизован
12/8/2018, 6:06:50 AM info: К socket серверу присоединился клиент
12/8/2018, 6:07:08 AM info: Попытка авторизации при помощи существующей сессии
12/8/2018, 6:07:08 AM info: Пользователь авторизован
12/8/2018, 6:07:09 AM info: Очищаем претаблицы от данных
12/8/2018, 6:07:09 AM info: Файл main.xls загружен
12/8/2018, 6:07:14 AM info: Файл загружен в базу данных
12/8/2018, 6:07:23 AM info: Очищаем реальные таблицы от данных
12/8/2018, 6:07:23 AM info: Общее время выполнения: 2696.2 секунд
12/8/2018, 6:08:59 AM info: Попытка авторизации при помощи существующей сессии
12/8/2018, 6:08:59 AM info: Пользователь авторизован
12/8/2018, 6:08:59 AM info: Очищаем претаблицы от данных
12/8/2018, 6:08:59 AM info: Файл main.xls загружен
12/8/2018, 6:09:05 AM info: Файл загружен в базу данных
12/8/2018, 6:09:13 AM info: Очищаем реальные таблицы от данных
12/8/2018, 6:09:13 AM info: Общее время выполнения: 17095.2 секунд
12/8/2018, 6:09:28 AM info: Очищаем реальные таблицы от данных
12/8/2018, 6:09:28 AM info: Общее время выполнения: 34190.4 секунд
12/8/2018, 6:13:29 AM info: Пересоздаем соединение
12/8/2018, 6:13:30 AM info: Запускаем на порте 8080
12/8/2018, 6:13:33 AM info: К socket серверу присоединился клиент
12/8/2018, 6:13:37 AM info: Очищаем реальные таблицы от данных
12/8/2018, 6:13:37 AM info: Общее время выполнения: 51285.6 секунд
12/8/2018, 6:13:41 AM info: 1 Philips 12972RVS2
12/8/2018, 6:13:48 AM info: 2 MANN-FILTER C 51 001
12/8/2018, 6:21:10 AM info: Пересоздаем соединение
12/8/2018, 6:21:11 AM info: Запускаем на порте 8080
12/8/2018, 6:21:15 AM info: К socket серверу присоединился клиент
12/8/2018, 6:22:16 AM info: Попытка авторизации при помощи существующей сессии
12/8/2018, 6:22:16 AM info: Пользователь авторизован
12/8/2018, 6:22:16 AM info: К socket серверу присоединился клиент
12/8/2018, 6:22:20 AM info: Очищаем реальные таблицы от данных
12/8/2018, 6:22:21 AM info: Общее время выполнения: 68380.8 секунд
12/8/2018, 6:23:14 AM info: Пересоздаем соединение
12/8/2018, 6:23:15 AM info: Запускаем на порте 8080
12/8/2018, 6:23:16 AM info: К socket серверу присоединился клиент
12/8/2018, 6:23:19 AM info: Попытка авторизации при помощи существующей сессии
12/8/2018, 6:23:19 AM info: Пользователь авторизован
12/8/2018, 6:23:20 AM info: К socket серверу присоединился клиент
12/8/2018, 6:23:20 AM info: К socket серверу присоединился клиент
12/8/2018, 6:23:26 AM info: Очищаем реальные таблицы от данных
12/8/2018, 6:23:26 AM info: Общее время выполнения: 85476 секунд
12/8/2018, 6:23:30 AM info: 1 Philips 12972RVS2
12/8/2018, 6:23:33 AM info: 2 MANN-FILTER C 51 001
12/8/2018, 6:23:36 AM info: Попытка авторизации при помощи существующей сессии
12/8/2018, 6:23:36 AM info: Пользователь авторизован
12/8/2018, 6:23:36 AM info: К socket серверу присоединился клиент
12/8/2018, 6:23:37 AM info: Попытка авторизации при помощи существующей сессии
12/8/2018, 6:23:37 AM info: Пользователь авторизован
12/8/2018, 6:23:37 AM info: К socket серверу присоединился клиент
12/8/2018, 6:23:41 AM info: 3 Philips 12956X2
12/8/2018, 6:23:46 AM info: 4 Autoprofi УЦ-UD-13
12/8/2018, 6:23:54 AM info: 5 Autoprofi УЦ-UD-16
12/8/2018, 6:24:05 AM info: 7 Маяк 12T11A-40
12/8/2018, 6:24:09 AM info: 8 Маяк 12T11A-41
12/8/2018, 6:24:50 AM info: Пересоздаем соединение
12/8/2018, 6:24:50 AM info: Запускаем на порте 8080
12/8/2018, 6:24:53 AM info: Попытка авторизации при помощи существующей сессии
12/8/2018, 6:24:53 AM info: Пользователь авторизован
12/8/2018, 6:24:54 AM info: К socket серверу присоединился клиент
12/8/2018, 6:24:54 AM info: К socket серверу присоединился клиент
12/8/2018, 6:24:56 AM info: Очищаем реальные таблицы от данных
12/8/2018, 6:24:56 AM info: Общее время выполнения: 102571.2 секунд
12/8/2018, 6:25:00 AM info: 1 Philips 12972RVS2
12/8/2018, 6:25:03 AM info: 2 MANN-FILTER C 51 001
12/8/2018, 6:25:07 AM info: 3 Philips 12956X2
12/8/2018, 6:25:11 AM info: 4 Autoprofi УЦ-UD-13
12/8/2018, 6:25:13 AM info: Попытка авторизации при помощи существующей сессии
12/8/2018, 6:25:13 AM info: Пользователь авторизован
12/8/2018, 6:25:14 AM info: К socket серверу присоединился клиент
12/8/2018, 6:25:14 AM info: 5 Autoprofi УЦ-UD-16
12/8/2018, 6:25:18 AM info: 6 Autoprofi УЦ-UD-17
12/8/2018, 6:25:22 AM info: 7 Маяк 12T11A-40
12/8/2018, 6:25:31 AM info: Попытка авторизации при помощи существующей сессии
12/8/2018, 6:25:31 AM info: Пользователь авторизован
12/8/2018, 6:25:32 AM info: К socket серверу присоединился клиент
12/8/2018, 6:28:24 AM info: Пересоздаем соединение
12/8/2018, 6:28:25 AM info: Запускаем на порте 8080
12/8/2018, 6:28:27 AM info: К socket серверу присоединился клиент
12/8/2018, 6:28:28 AM info: К socket серверу присоединился клиент
12/8/2018, 6:28:35 AM info: Попытка авторизации при помощи существующей сессии
12/8/2018, 6:28:35 AM info: Пользователь авторизован
12/8/2018, 6:28:35 AM info: К socket серверу присоединился клиент
12/8/2018, 6:28:39 AM info: Очищаем реальные таблицы от данных
12/8/2018, 6:28:39 AM info: Общее время выполнения: 119666.4 секунд
12/8/2018, 6:28:42 AM info: 1 Philips 12972RVS2
12/8/2018, 6:28:46 AM info: 2 MANN-FILTER C 51 001
12/8/2018, 6:28:50 AM info: 3 Philips 12956X2
12/8/2018, 6:28:54 AM info: Экспортируем в csv
12/19/2018, 8:02:19 AM info: Пересоздаем соединение
12/19/2018, 8:02:20 AM info: Запускаем на порте 8080
12/19/2018, 8:02:26 AM info: Попытка авторизации при помощи существующей сессии
12/19/2018, 8:02:26 AM info: Пользователь авторизован
12/19/2018, 8:02:28 AM info: К socket серверу присоединился клиент
12/19/2018, 8:02:57 AM info: Попытка авторизации при помощи существующей сессии
12/19/2018, 8:02:57 AM info: Пользователь авторизован
12/19/2018, 8:03:29 AM info: Пересоздаем соединение
12/19/2018, 8:03:30 AM info: Запускаем на порте 8080
12/19/2018, 8:03:33 AM info: К socket серверу присоединился клиент
12/19/2018, 8:03:45 AM info: Попытка авторизации при помощи существующей сессии
12/19/2018, 8:03:45 AM info: Пользователь авторизован
12/19/2018, 8:03:45 AM info: К socket серверу присоединился клиент
12/19/2018, 8:03:54 AM info: Попытка авторизации при помощи существующей сессии
12/19/2018, 8:03:54 AM info: Пользователь авторизован
12/19/2018, 8:06:08 AM info: Попытка авторизации при помощи существующей сессии
12/19/2018, 8:06:08 AM info: Пользователь авторизован
12/19/2018, 8:06:09 AM info: К socket серверу присоединился клиент
12/19/2018, 8:06:27 AM info: Попытка авторизации при помощи существующей сессии
12/19/2018, 8:06:27 AM info: Пользователь авторизован
12/19/2018, 8:08:48 AM info: Попытка авторизации при помощи существующей сессии
12/19/2018, 8:08:48 AM info: Пользователь авторизован
12/19/2018, 8:08:49 AM info: К socket серверу присоединился клиент
12/19/2018, 8:08:59 AM info: Попытка авторизации при помощи существующей сессии
12/19/2018, 8:08:59 AM info: Пользователь авторизован
12/19/2018, 8:14:06 AM info: Пересоздаем соединение
12/19/2018, 8:14:07 AM info: Запускаем на порте 8080
12/19/2018, 8:14:07 AM info: К socket серверу присоединился клиент
12/19/2018, 8:14:19 AM info: Попытка авторизации при помощи существующей сессии
12/19/2018, 8:14:19 AM info: Пользователь авторизован
12/19/2018, 8:14:19 AM info: Очищаем претаблицы от данных
12/19/2018, 8:14:20 AM info: Файл main.xls загружен
12/19/2018, 8:14:26 AM info: Файл загружен в базу данных
12/19/2018, 8:14:46 AM info: Очищаем реальные таблицы от данных
12/19/2018, 8:14:47 AM info: Общее время выполнения: 14973.6 секунд
12/19/2018, 8:14:50 AM info: 1 ACDELCO '55594651
12/19/2018, 8:14:56 AM info: 2 ACDelco '19347676
12/19/2018, 8:15:02 AM info: Экспортируем в csv
12/19/2018, 8:37:28 AM info: Попытка авторизации при помощи существующей сессии
12/19/2018, 8:37:28 AM info: Пользователь авторизован
12/19/2018, 8:37:28 AM info: К socket серверу присоединился клиент
12/19/2018, 8:37:31 AM info: Очищаем реальные таблицы от данных
12/19/2018, 8:37:31 AM info: Общее время выполнения: 29947.2 секунд
12/19/2018, 8:37:34 AM info: 1 ACDELCO '55594651
12/19/2018, 8:37:39 AM info: 2 ACDelco '19347676
12/19/2018, 8:37:45 AM info: Экспортируем в csv
12/19/2018, 8:40:12 AM info: К socket серверу присоединился клиент
12/19/2018, 8:40:12 AM info: К socket серверу присоединился клиент
12/19/2018, 9:32:36 AM info: К socket серверу присоединился клиент
12/19/2018, 10:54:35 AM info: К socket серверу присоединился клиент
12/19/2018, 10:58:17 AM info: К socket серверу присоединился клиент
12/19/2018, 11:01:37 AM info: К socket серверу присоединился клиент
12/19/2018, 4:37:32 PM warn: Ошибка базы данных
12/19/2018, 5:49:56 PM info: К socket серверу присоединился клиент
12/19/2018, 5:57:08 PM info: К socket серверу присоединился клиент
12/19/2018, 6:01:29 PM info: Пересоздаем соединение
12/19/2018, 6:01:30 PM info: Запускаем на порте 8080
12/19/2018, 6:02:14 PM info: Попытка авторизации при помощи существующей сессии
12/19/2018, 6:02:14 PM info: Пользователь авторизован
12/19/2018, 6:02:17 PM info: К socket серверу присоединился клиент
12/19/2018, 6:02:30 PM info: Очищаем реальные таблицы от данных
12/19/2018, 6:02:30 PM info: Общее время выполнения: 44920.799999999996 секунд
12/19/2018, 6:02:34 PM info: 1 ACDELCO '55594651
12/19/2018, 6:02:40 PM info: 2 ACDelco '19347676
12/19/2018, 6:02:47 PM info: 3 AFA '600402
12/19/2018, 6:02:57 PM info: Экспортируем в csv
12/19/2018, 6:05:15 PM info: Пересоздаем соединение
12/19/2018, 6:05:16 PM info: Запускаем на порте 8080
12/19/2018, 6:05:16 PM info: К socket серверу присоединился клиент
12/19/2018, 6:05:19 PM info: Попытка авторизации при помощи существующей сессии
12/19/2018, 6:05:19 PM info: Пользователь авторизован
12/19/2018, 6:05:19 PM info: К socket серверу присоединился клиент
12/19/2018, 6:05:22 PM info: Очищаем реальные таблицы от данных
12/19/2018, 6:05:22 PM info: Общее время выполнения: 59894.4 секунд
12/19/2018, 6:05:26 PM info: 1 ACDELCO '55594651
12/19/2018, 6:05:30 PM info: 2 ACDelco '19347676
12/19/2018, 6:05:36 PM info: Экспортируем в csv
12/19/2018, 6:07:35 PM info: Попытка авторизации при помощи существующей сессии
12/19/2018, 6:07:35 PM info: Пользователь авторизован
12/19/2018, 6:07:35 PM info: К socket серверу присоединился клиент
12/19/2018, 6:07:44 PM info: Пересоздаем соединение
12/19/2018, 6:07:45 PM info: Запускаем на порте 8080
12/19/2018, 6:07:45 PM info: К socket серверу присоединился клиент
12/19/2018, 6:08:18 PM info: Очищаем реальные таблицы от данных
12/19/2018, 6:08:18 PM info: Общее время выполнения: 74868 секунд
12/19/2018, 6:08:22 PM info: 1 ACDELCO '55594651
12/19/2018, 6:08:26 PM info: 2 ACDelco '19347676
12/19/2018, 6:08:31 PM info: 3 AFA '600402
12/19/2018, 6:08:34 PM info: 4 AFA '560413
12/19/2018, 6:08:43 PM info: Экспортируем в csv
12/19/2018, 6:15:33 PM info: Попытка авторизации при помощи существующей сессии
12/19/2018, 6:15:53 PM info: Попытка авторизации при помощи существующей сессии
12/19/2018, 6:16:07 PM info: Попытка авторизации при помощи существующей сессии
12/19/2018, 6:16:07 PM info: Пользователь авторизован
12/19/2018, 6:16:19 PM info: Попытка авторизации при помощи существующей сессии
12/19/2018, 6:16:19 PM info: Пользователь авторизован
12/19/2018, 6:16:19 PM info: К socket серверу присоединился клиент
12/19/2018, 6:16:22 PM info: Очищаем реальные таблицы от данных
12/19/2018, 6:16:23 PM info: Общее время выполнения: 89841.59999999999 секунд
12/19/2018, 6:16:26 PM info: 1 ACDELCO '55594651
12/19/2018, 6:16:30 PM info: 2 ACDelco '19347676
12/19/2018, 6:16:46 PM info: Попытка авторизации при помощи существующей сессии
12/19/2018, 6:16:46 PM info: Пользователь авторизован
12/19/2018, 6:16:46 PM info: Экспортируем в csv
12/19/2018, 6:16:52 PM info: Попытка авторизации при помощи существующей сессии
12/19/2018, 6:16:52 PM info: Пользователь авторизован
12/19/2018, 6:16:52 PM info: Очищаем претаблицы от данных
12/19/2018, 6:16:52 PM info: Файл main.xls загружен
12/19/2018, 6:16:54 PM info: Очищаем претаблицы от данных
12/19/2018, 6:16:54 PM info: Файл main.xls загружен
12/19/2018, 6:16:59 PM info: Файл загружен в базу данных
12/19/2018, 6:16:59 PM info: Файл загружен в базу данных
12/19/2018, 6:17:07 PM info: Попытка авторизации при помощи существующей сессии
12/19/2018, 6:17:07 PM info: Пользователь авторизован
12/19/2018, 6:17:08 PM info: К socket серверу присоединился клиент
12/19/2018, 6:17:10 PM info: Очищаем реальные таблицы от данных
12/19/2018, 6:17:10 PM info: Общее время выполнения: 14973.6 секунд
12/19/2018, 6:17:14 PM info: 1 ACDELCO '55594651
12/19/2018, 6:17:18 PM info: 2 ACDelco '19347676
12/19/2018, 6:17:22 PM info: Попытка авторизации при помощи существующей сессии
12/19/2018, 6:17:22 PM info: Пользователь авторизован
12/19/2018, 6:17:22 PM info: 3 AFA '600402
12/19/2018, 6:17:22 PM info: К socket серверу присоединился клиент
12/19/2018, 6:17:26 PM info: 4 AFA '560413
12/19/2018, 6:17:30 PM info: 5 AFA '568405
12/19/2018, 6:17:34 PM info: 6 AFA '591400
12/19/2018, 6:17:40 PM info: 7 AFA '591401
12/19/2018, 6:17:45 PM info: 8 AFA '552400
12/19/2018, 6:17:52 PM info: Экспортируем в csv
12/19/2018, 6:18:49 PM info: Пересоздаем соединение
12/19/2018, 6:18:50 PM info: Запускаем на порте 8080
12/19/2018, 6:18:51 PM info: К socket серверу присоединился клиент
12/19/2018, 6:18:55 PM info: К socket серверу присоединился клиент
12/19/2018, 6:19:02 PM info: Попытка авторизации при помощи существующей сессии
12/19/2018, 6:19:02 PM info: Пользователь авторизован
12/19/2018, 6:19:02 PM info: К socket серверу присоединился клиент
12/19/2018, 6:19:05 PM info: Попытка авторизации при помощи существующей сессии
12/19/2018, 6:19:05 PM info: Пользователь авторизован
12/19/2018, 6:19:05 PM info: К socket серверу присоединился клиент
12/19/2018, 6:19:08 PM info: Очищаем реальные таблицы от данных
12/19/2018, 6:19:08 PM info: Общее время выполнения: 29947.2 секунд
12/19/2018, 6:19:12 PM info: 1 ACDELCO '55594651
12/19/2018, 6:19:16 PM info: 2 ACDelco '19347676
12/19/2018, 6:19:20 PM info: 3 AFA '600402
12/19/2018, 6:19:24 PM info: 4 AFA '560413
12/19/2018, 6:19:28 PM info: Попытка авторизации при помощи существующей сессии
12/19/2018, 6:19:28 PM info: Пользователь авторизован
12/19/2018, 6:19:28 PM info: 5 AFA '568405
12/19/2018, 6:19:28 PM info: К socket серверу присоединился клиент
12/19/2018, 6:19:32 PM info: 6 AFA '591400
12/19/2018, 6:19:35 PM info: 7 AFA '591401
12/19/2018, 6:19:39 PM info: 8 AFA '552400
12/19/2018, 6:19:42 PM info: 9 AFA '560412
12/19/2018, 6:19:49 PM info: 10 AFA '568404
12/19/2018, 6:19:52 PM info: Попытка авторизации при помощи существующей сессии
12/19/2018, 6:19:52 PM info: Пользователь авторизован
12/19/2018, 6:19:53 PM info: К socket серверу присоединился клиент
12/19/2018, 6:19:53 PM info: 11 AFA '572409
12/19/2018, 6:19:57 PM info: 12 AFA '574104
12/19/2018, 6:20:01 PM info: 13 AFA '556401
12/19/2018, 6:20:06 PM info: 14 AFA '556400
12/19/2018, 6:20:12 PM info: 15 AFA '560127
12/19/2018, 6:20:19 PM info: 16 AFA '560409
12/19/2018, 6:20:23 PM info: 17 AFA '580406
12/19/2018, 6:20:27 PM info: 18 AFA '545155
12/19/2018, 6:20:31 PM info: 19 Airline ACH20AU09
12/19/2018, 6:20:36 PM info: 20 Airline AJS5505
12/19/2018, 6:20:45 PM info: 21 Airline AJS8004
12/19/2018, 6:20:49 PM info: Попытка авторизации при помощи существующей сессии
12/19/2018, 6:20:49 PM info: Пользователь авторизован
12/19/2018, 6:20:50 PM info: К socket серверу присоединился клиент
12/19/2018, 6:20:53 PM info: 22 Airline APB1005
12/19/2018, 6:20:58 PM info: 23 Airline APB1406
12/19/2018, 6:21:05 PM info: Экспортируем в csv
12/19/2018, 6:23:46 PM info: Попытка авторизации при помощи существующей сессии
12/19/2018, 6:23:46 PM info: Пользователь авторизован
12/19/2018, 6:23:47 PM info: К socket серверу присоединился клиент
12/19/2018, 6:23:52 PM info: Очищаем реальные таблицы от данных
12/19/2018, 6:23:52 PM info: Общее время выполнения: 44920.799999999996 секунд
12/19/2018, 6:23:59 PM info: Пересоздаем соединение
12/19/2018, 6:24:00 PM info: Запускаем на порте 8080
12/19/2018, 6:24:00 PM info: К socket серверу присоединился клиент
12/19/2018, 6:24:05 PM info: К socket серверу присоединился клиент
12/19/2018, 6:24:21 PM info: Очищаем реальные таблицы от данных
12/19/2018, 6:24:21 PM info: Общее время выполнения: 59894.4 секунд
12/19/2018, 6:24:25 PM info: 1 ACDELCO '55594651
12/19/2018, 6:24:29 PM info: 2 ACDelco '19347676
12/19/2018, 6:24:40 PM info: Попытка авторизации при помощи существующей сессии
12/19/2018, 6:24:40 PM info: Пользователь авторизован
12/19/2018, 6:24:40 PM info: К socket серверу присоединился клиент
12/19/2018, 6:24:41 PM info: 3 AFA '600402
12/19/2018, 6:24:50 PM info: 4 AFA '560413
12/19/2018, 6:24:55 PM info: Попытка авторизации при помощи существующей сессии
12/19/2018, 6:24:55 PM info: Пользователь авторизован
12/19/2018, 6:24:56 PM info: К socket серверу присоединился клиент
12/19/2018, 6:24:59 PM info: 5 AFA '568405
12/19/2018, 6:25:02 PM info: 6 AFA '591400
12/19/2018, 6:25:06 PM info: 7 AFA '591401
12/19/2018, 6:25:10 PM info: 8 AFA '552400
12/19/2018, 6:25:13 PM info: 9 AFA '560412
12/19/2018, 6:25:17 PM info: 10 AFA '568404
12/19/2018, 6:25:21 PM info: 11 AFA '572409
12/19/2018, 6:25:24 PM info: 12 AFA '574104
12/19/2018, 6:25:28 PM info: 13 AFA '556401
12/19/2018, 6:25:31 PM info: 14 AFA '556400
12/19/2018, 6:25:35 PM info: 15 AFA '560127
12/19/2018, 6:25:37 PM info: Попытка авторизации при помощи существующей сессии
12/19/2018, 6:25:37 PM info: Пользователь авторизован
12/19/2018, 6:25:37 PM info: К socket серверу присоединился клиент
12/19/2018, 6:25:38 PM info: Попытка авторизации при помощи существующей сессии
12/19/2018, 6:25:38 PM info: Пользователь авторизован
12/19/2018, 6:25:38 PM info: К socket серверу присоединился клиент
12/19/2018, 6:25:39 PM info: 16 AFA '560409
12/19/2018, 6:25:42 PM info: 17 AFA '580406
12/19/2018, 6:25:49 PM info: Пересоздаем соединение
12/19/2018, 6:25:50 PM info: Запускаем на порте 8080
12/19/2018, 6:25:51 PM info: К socket серверу присоединился клиент
12/19/2018, 6:25:51 PM info: К socket серверу присоединился клиент
12/19/2018, 6:25:53 PM info: Попытка авторизации при помощи существующей сессии
12/19/2018, 6:25:53 PM info: Пользователь авторизован
12/19/2018, 6:25:53 PM info: К socket серверу присоединился клиент
12/19/2018, 6:25:55 PM info: Попытка авторизации при помощи существующей сессии
12/19/2018, 6:25:55 PM info: Пользователь авторизован
12/19/2018, 6:25:55 PM info: К socket серверу присоединился клиент
12/19/2018, 6:25:57 PM info: Очищаем реальные таблицы от данных
12/19/2018, 6:25:57 PM info: Общее время выполнения: 74868 секунд
12/19/2018, 6:26:00 PM info: 1 ACDELCO '55594651
12/19/2018, 6:26:05 PM info: 2 ACDelco '19347676
12/19/2018, 6:26:11 PM info: 3 AFA '600402
12/19/2018, 6:26:15 PM info: 4 AFA '560413
12/19/2018, 6:26:20 PM info: Экспортируем в csv
12/19/2018, 6:27:38 PM info: Пересоздаем соединение
12/19/2018, 6:27:39 PM info: Запускаем на порте 8080
12/19/2018, 6:27:41 PM info: К socket серверу присоединился клиент
12/19/2018, 6:27:41 PM info: К socket серверу присоединился клиент
12/19/2018, 6:27:43 PM info: Попытка авторизации при помощи существующей сессии
12/19/2018, 6:27:43 PM info: Пользователь авторизован
12/19/2018, 6:27:43 PM info: К socket серверу присоединился клиент
12/19/2018, 6:27:48 PM info: Попытка авторизации при помощи существующей сессии
12/19/2018, 6:27:48 PM info: Пользователь авторизован
12/19/2018, 6:27:48 PM info: К socket серверу присоединился клиент
12/19/2018, 6:27:51 PM info: Очищаем реальные таблицы от данных
12/19/2018, 6:27:51 PM info: Общее время выполнения: 89841.59999999999 секунд
12/19/2018, 6:27:54 PM info: 1 ACDELCO '55594651
12/19/2018, 6:28:01 PM info: 2 ACDelco '19347676
12/19/2018, 6:28:13 PM info: Экспортируем в csv
12/19/2018, 6:28:15 PM info: Очищаем реальные таблицы от данных
12/19/2018, 6:28:15 PM info: Общее время выполнения: 104815.2 секунд
12/19/2018, 6:28:19 PM info: 1 ACDELCO '55594651
12/19/2018, 6:28:25 PM info: 2 ACDelco '19347676
12/19/2018, 6:28:36 PM info: 3 AFA '600402
12/19/2018, 6:28:43 PM info: Экспортируем в csv
12/19/2018, 6:32:53 PM info: Попытка авторизации при помощи существующей сессии
12/19/2018, 6:32:53 PM info: Пользователь авторизован
12/19/2018, 6:32:54 PM info: К socket серверу присоединился клиент
12/19/2018, 6:33:39 PM info: Попытка авторизации при помощи существующей сессии
12/19/2018, 6:33:39 PM info: Пользователь авторизован
12/19/2018, 6:33:39 PM info: К socket серверу присоединился клиент
12/19/2018, 6:33:46 PM info: Попытка авторизации при помощи существующей сессии
12/19/2018, 6:33:46 PM info: Пользователь авторизован
12/19/2018, 6:33:47 PM info: К socket серверу присоединился клиент
12/19/2018, 6:34:48 PM info: Попытка авторизации при помощи существующей сессии
12/19/2018, 6:34:48 PM info: Пользователь авторизован
12/19/2018, 6:34:48 PM info: К socket серверу присоединился клиент
12/19/2018, 6:36:38 PM info: Попытка авторизации при помощи существующей сессии
12/19/2018, 6:36:38 PM info: Пользователь авторизован
12/19/2018, 6:36:39 PM info: К socket серверу присоединился клиент
12/19/2018, 6:36:57 PM info: Попытка авторизации при помощи существующей сессии
12/19/2018, 6:36:57 PM info: Пользователь авторизован
12/19/2018, 6:36:57 PM info: К socket серверу присоединился клиент
12/19/2018, 6:37:15 PM info: Попытка авторизации при помощи существующей сессии
12/19/2018, 6:37:15 PM info: Пользователь авторизован
12/19/2018, 6:37:16 PM info: К socket серверу присоединился клиент
12/19/2018, 6:37:56 PM info: Попытка авторизации при помощи существующей сессии
12/19/2018, 6:37:56 PM info: Пользователь авторизован
12/19/2018, 6:37:57 PM info: К socket серверу присоединился клиент
12/19/2018, 6:38:21 PM info: Попытка авторизации при помощи существующей сессии
12/19/2018, 6:38:21 PM info: Пользователь авторизован
12/19/2018, 6:38:21 PM info: К socket серверу присоединился клиент
12/19/2018, 6:38:25 PM info: Очищаем реальные таблицы от данных
12/19/2018, 6:38:26 PM info: Общее время выполнения: 119788.8 секунд
12/19/2018, 6:38:29 PM info: 1 ACDELCO '55594651
12/19/2018, 6:38:35 PM info: Экспортируем в csv
12/19/2018, 6:38:52 PM info: Попытка авторизации при помощи существующей сессии
12/19/2018, 6:38:52 PM info: Пользователь авторизован
12/19/2018, 6:38:52 PM info: К socket серверу присоединился клиент
12/19/2018, 6:38:54 PM info: Попытка авторизации при помощи существующей сессии
12/19/2018, 6:38:54 PM info: Пользователь авторизован
12/19/2018, 6:38:54 PM info: К socket серверу присоединился клиент
12/19/2018, 6:38:55 PM info: Попытка авторизации при помощи существующей сессии
12/19/2018, 6:38:55 PM info: Пользователь авторизован
12/19/2018, 6:38:55 PM info: К socket серверу присоединился клиент
12/19/2018, 6:39:07 PM info: Пересоздаем соединение
12/19/2018, 6:39:08 PM info: Запускаем на порте 8080
12/19/2018, 6:39:10 PM info: Попытка авторизации при помощи существующей сессии
12/19/2018, 6:39:10 PM info: Пользователь авторизован
12/19/2018, 6:39:10 PM info: К socket серверу присоединился клиент
12/19/2018, 6:39:10 PM info: К socket серверу присоединился клиент
12/19/2018, 6:39:12 PM info: Очищаем реальные таблицы от данных
12/19/2018, 6:39:13 PM info: Общее время выполнения: 134762.4 секунд
12/19/2018, 6:39:13 PM info: Попытка авторизации при помощи существующей сессии
12/19/2018, 6:39:13 PM info: Пользователь авторизован
12/19/2018, 6:39:13 PM info: К socket серверу присоединился клиент
12/19/2018, 6:39:16 PM info: 1 ACDELCO '55594651
12/19/2018, 6:39:20 PM info: 2 ACDelco '19347676
12/19/2018, 6:39:25 PM info: 3 AFA '600402
12/19/2018, 6:39:28 PM info: 4 AFA '560413
12/19/2018, 6:39:32 PM info: 5 AFA '568405
12/19/2018, 6:39:36 PM info: 6 AFA '591400
12/19/2018, 6:39:40 PM info: 7 AFA '591401
12/19/2018, 6:39:44 PM info: 8 AFA '552400
12/19/2018, 6:39:48 PM info: 9 AFA '560412
12/19/2018, 6:39:51 PM info: 10 AFA '568404
12/19/2018, 6:39:55 PM info: 11 AFA '572409
12/19/2018, 6:39:59 PM info: 12 AFA '574104
12/19/2018, 6:40:03 PM info: 13 AFA '556401
12/19/2018, 6:40:06 PM info: 14 AFA '556400
12/19/2018, 6:40:10 PM info: 15 AFA '560127
12/19/2018, 6:40:14 PM info: 16 AFA '560409
12/19/2018, 6:40:18 PM info: 17 AFA '580406
12/19/2018, 6:40:21 PM info: 18 AFA '545155
12/19/2018, 6:40:25 PM info: 19 Airline ACH20AU09
12/19/2018, 6:40:30 PM info: 20 Airline AJS5505
12/19/2018, 6:40:34 PM info: 21 Airline AJS8004
12/19/2018, 6:40:39 PM info: 22 Airline APB1005
12/19/2018, 6:40:44 PM info: 23 Airline APB1406
12/19/2018, 6:40:49 PM info: 24 Airline AFUMK07
12/19/2018, 6:40:56 PM info: 25 Airline AFUSL05
12/19/2018, 6:41:00 PM info: Попытка авторизации при помощи существующей сессии
12/19/2018, 6:41:00 PM info: Пользователь авторизован
12/19/2018, 6:41:01 PM info: К socket серверу присоединился клиент
12/19/2018, 6:41:01 PM info: 26 AJUSA '22007400
12/19/2018, 6:41:08 PM info: Попытка авторизации при помощи существующей сессии
12/19/2018, 6:41:08 PM info: Пользователь авторизован
12/19/2018, 6:41:09 PM info: К socket серверу присоединился клиент
12/19/2018, 6:41:09 PM info: 27 AKTEX '75D23L
12/19/2018, 6:41:13 PM info: 28 AMD AMDKITBR125
12/19/2018, 6:41:23 PM info: Экспортируем в csv
